<?xml version="1.0" encoding="UTF-8"?>
<!-- Generated by org.testng.reporters.JUnitReportReporter -->
<testsuite skipped="0" hostname="BDC6-DX-J0J7N62" name="scenario1.OnlineShoppingTest" tests="4" failures="0" timestamp="19 Jul 2019 07:12:37 GMT" time="37.444" errors="0">
  <testcase name="testRegistration" time="6.318" classname="scenario1.OnlineShoppingTest"/>
  <testcase name="testLogin" time="1.138" classname="scenario1.OnlineShoppingTest"/>
  <testcase name="testCart" time="11.319" classname="scenario1.OnlineShoppingTest"/>
  <testcase name="testPayment" time="18.669" classname="scenario1.OnlineShoppingTest"/>
</testsuite> <!-- scenario1.OnlineShoppingTest -->
